2024.01.05 12:22:57 [Info] Application start, ver:  v1.0.0
2024.01.05 12:22:57 [Debug] "AdsGetDllVersion: 2687007"
2024.01.05 12:22:57 [Warning] No functional TLS backend was found
2024.01.05 12:22:57 [Warning] No functional TLS backend was found
2024.01.05 12:22:57 [Warning] No TLS backend is available
2024.01.05 12:22:57 [Warning] No functional TLS backend was found
2024.01.05 12:22:57 [Warning] No functional TLS backend was found
2024.01.05 12:22:57 [Info] Application Light style, DPI:  96
2024.01.05 12:22:57 [Info] Application Light style, DPI:  96
2024.01.05 12:22:57 [Debug] "AdsPortOpen: 32804"
2024.01.05 12:22:57 [Debug] "ADS local port: 32804"
2024.01.05 12:22:57 [Debug] "ADS local address: 172.24.128.1.1.1"
2024.01.05 12:22:57 [Debug] "MAIN.fbPACK_Station.fbTurckRFID.Tag" :  
2024.01.05 12:22:57 [Debug] "MAIN.fbPACK_Station.fbTurckRFID.LocalTime" :  
2024.01.05 12:22:57 [Debug] "MAIN.fbPACK_Station.fbTurckRFID.Counter" :  0
2024.01.05 12:22:57 [Info] Running on http://127.0.0.1:18080/
2024.01.05 12:23:17 [Info] Application close, return code:  0
2024.01.05 12:23:29 [Info] Application start, ver:  v1.0.0
2024.01.05 12:23:29 [Debug] "AdsGetDllVersion: 2687007"
2024.01.05 12:23:29 [Warning] No functional TLS backend was found
2024.01.05 12:23:29 [Warning] No functional TLS backend was found
2024.01.05 12:23:29 [Warning] No TLS backend is available
2024.01.05 12:23:29 [Warning] No functional TLS backend was found
2024.01.05 12:23:29 [Warning] No functional TLS backend was found
2024.01.05 12:23:29 [Info] Application Light style, DPI:  96
2024.01.05 12:23:29 [Info] Application Light style, DPI:  96
2024.01.05 12:23:29 [Debug] "AdsPortOpen: 32805"
2024.01.05 12:23:29 [Debug] "ADS local port: 32805"
2024.01.05 12:23:29 [Debug] "ADS local address: 172.24.128.1.1.1"
2024.01.05 12:23:29 [Debug] "MAIN.fbPACK_Station.fbTurckRFID.Tag" :  
2024.01.05 12:23:29 [Debug] "MAIN.fbPACK_Station.fbTurckRFID.LocalTime" :  
2024.01.05 12:23:29 [Debug] "MAIN.fbPACK_Station.fbTurckRFID.Counter" :  0
2024.01.05 12:23:29 [Info] Running on http://127.0.0.1:18080/
2024.01.05 12:23:45 [Info] Application close, return code:  0
2024.01.05 12:24:31 [Info] Application start, ver:  v1.0.0
2024.01.05 12:24:31 [Debug] "AdsGetDllVersion: 2687007"
2024.01.05 12:24:31 [Warning] No functional TLS backend was found
2024.01.05 12:24:31 [Warning] No functional TLS backend was found
2024.01.05 12:24:31 [Warning] No TLS backend is available
2024.01.05 12:24:31 [Warning] No functional TLS backend was found
2024.01.05 12:24:31 [Warning] No functional TLS backend was found
2024.01.05 12:24:31 [Info] Application Light style, DPI:  96
2024.01.05 12:24:31 [Info] Application Light style, DPI:  96
2024.01.05 12:24:31 [Debug] "AdsPortOpen: 32806"
2024.01.05 12:24:31 [Debug] "ADS local port: 32806"
2024.01.05 12:24:31 [Debug] "ADS local address: 172.24.128.1.1.1"
2024.01.05 12:24:31 [Debug] "MAIN.fbPACK_Station.fbTurckRFID.Tag" :  
2024.01.05 12:24:31 [Debug] "MAIN.fbPACK_Station.fbTurckRFID.LocalTime" :  
2024.01.05 12:24:31 [Debug] "MAIN.fbPACK_Station.fbTurckRFID.Counter" :  0
2024.01.05 12:24:31 [Info] Running on http://127.0.0.1:18080/
2024.01.05 12:24:41 [Info] Application close, return code:  0
